<?xml version="1.0" encoding="UTF-8"?>
<robot generator="Robot 5.0.1 (Python 3.10.7 on win32)" generated="20221012 14:51:21.646" rpa="false" schemaversion="3">
<suite id="s1" name="Test" source="C:\robot\test.robot">
<test id="s1-t1" name="Should see page Title" line="6">
<kw name="Open Browser" library="SeleniumLibrary">
<arg>https://training-wheels-protocol.herokuapp.com/</arg>
<arg>chrome</arg>
<doc>Opens a new browser instance to the optional ``url``.</doc>
<msg timestamp="20221012 14:51:21.896" level="INFO">Opening browser 'chrome' to base url 'https://training-wheels-protocol.herokuapp.com/'.</msg>
<status status="PASS" starttime="20221012 14:51:21.895" endtime="20221012 14:51:25.580"/>
</kw>
<kw name="Title Should Be" library="SeleniumLibrary">
<arg>Training Wheels Protocol</arg>
<doc>Verifies that the current page title equals ``title``.</doc>
<msg timestamp="20221012 14:51:25.597" level="INFO">Page title is 'Training Wheels Protocol'.</msg>
<status status="PASS" starttime="20221012 14:51:25.582" endtime="20221012 14:51:25.597"/>
</kw>
<status status="PASS" starttime="20221012 14:51:21.889" endtime="20221012 14:51:25.598"/>
</test>
<status status="PASS" starttime="20221012 14:51:21.646" endtime="20221012 14:51:25.602"/>
</suite>
<statistics>
<total>
<stat pass="1" fail="0" skip="0">All Tests</stat>
</total>
<tag>
</tag>
<suite>
<stat pass="1" fail="0" skip="0" id="s1" name="Test">Test</stat>
</suite>
</statistics>
<errors>
</errors>
</robot>
